\BOOKMARK [1][-]{Doc-Start}{T\315TULO DE LA INVESTIGACI\323N}{}% 1
\BOOKMARK [1][-]{Doc-Start}{DATOS GENERALES}{}% 2
\BOOKMARK [2][-]{section*.1}{T\355tulo}{Doc-Start}% 3
\BOOKMARK [2][-]{section*.1}{Tipo de investigaci\363n}{Doc-Start}% 4
\BOOKMARK [2][-]{section*.1}{Autor}{Doc-Start}% 5
\BOOKMARK [2][-]{section*.1}{Asesor}{Doc-Start}% 6
\BOOKMARK [1][-]{section*.1}{PLANTEAMIENTO DEL PROBLEMA}{}% 7
\BOOKMARK [2][-]{section*.2}{Determinaci\363n del problema}{section*.1}% 8
\BOOKMARK [2][-]{Item.5}{Formulaci\363n del problema}{section*.1}% 9
\BOOKMARK [3][-]{section*.3}{Problema General}{Item.5}% 10
\BOOKMARK [3][-]{section*.3}{Problemas Espec\355ficos}{Item.5}% 11
\BOOKMARK [2][-]{section*.3}{Justificaci\363n y viabilidad}{section*.1}% 12
\BOOKMARK [3][-]{section*.4}{Justificaci\363n legal}{section*.3}% 13
\BOOKMARK [3][-]{section*.4}{Justificaci\363n cient\355fica}{section*.3}% 14
\BOOKMARK [3][-]{section*.4}{Justificaci\363n social}{section*.3}% 15
\BOOKMARK [3][-]{Item.9}{Justificaci\363n metodol\363gica}{section*.3}% 16
\BOOKMARK [3][-]{Item.14}{Justificaci\363n pr\341ctica}{section*.3}% 17
\BOOKMARK [1][-]{Item.19}{OBJECTIVOS}{}% 18
\BOOKMARK [2][-]{Item.29}{Objetivo general}{Item.19}% 19
\BOOKMARK [3][-]{section*.5}{Objetivos espec\355ficos}{Item.29}% 20
\BOOKMARK [1][-]{section*.5}{MARCO TE\323RICO}{}% 21
\BOOKMARK [2][-]{section*.6}{Antecedentes de estudio}{section*.5}% 22
\BOOKMARK [3][-]{section*.6}{Internacionales}{section*.5}% 23
\BOOKMARK [3][-]{section*.6}{Nacionales}{section*.5}% 24
\BOOKMARK [3][-]{section*.6}{Regionales}{section*.5}% 25
\BOOKMARK [2][-]{section*.6}{Bases te\363ricas}{section*.5}% 26
\BOOKMARK [3][-]{section*.7}{Contexto de la investigaci\363n}{section*.6}% 27
\BOOKMARK [3][-]{section*.7}{Caricatura}{section*.6}% 28
\BOOKMARK [3][-]{Item.45}{Comunicaci\363n asertiva}{section*.6}% 29
\BOOKMARK [2][-]{section*.8}{Definiciones de t\351rminos b\341sicos}{section*.5}% 30
\BOOKMARK [1][-]{section*.8}{HIP\323TESIS}{}% 31
\BOOKMARK [2][-]{section*.9}{Hip\363tesis}{section*.8}% 32
\BOOKMARK [3][-]{section*.9}{Hip\363tesis principal}{section*.8}% 33
\BOOKMARK [3][-]{section*.9}{Hip\363tesis espec\355ficas}{section*.8}% 34
\BOOKMARK [1][-]{section*.9}{DEFINICI\323N CONCEPTUAL Y OPERACIONALIZAC\315\323N DE VARIABLES }{}% 35
\BOOKMARK [2][-]{section*.10}{Definici\363n conceptual de variables}{section*.9}% 36
\BOOKMARK [3][-]{section*.10}{Operacionalizaci\363n de variables}{section*.9}% 37
\BOOKMARK [1][-]{table.caption.12}{ASPECTO METODOL\323GICO}{}% 38
\BOOKMARK [2][-]{section*.13}{Enfoque de la investigaci\363n}{table.caption.12}% 39
\BOOKMARK [2][-]{section*.13}{M\351todo de investigaci\363n}{table.caption.12}% 40
\BOOKMARK [2][-]{section*.13}{Tipo de investigaci\363n}{table.caption.12}% 41
\BOOKMARK [2][-]{section*.13}{Dise\361o de investigaci\363n}{table.caption.12}% 42
\BOOKMARK [2][-]{table.caption.14}{Poblaci\363n y muestra}{table.caption.12}% 43
\BOOKMARK [3][-]{section*.15}{Poblaci\363n}{table.caption.14}% 44
\BOOKMARK [3][-]{table.caption.16}{Muestra}{table.caption.14}% 45
\BOOKMARK [3][-]{table.caption.16}{Muestreo}{table.caption.14}% 46
\BOOKMARK [2][-]{table.caption.16}{T\351cnicas e instrumentos de recolecci\363n de datos}{table.caption.12}% 47
\BOOKMARK [3][-]{section*.17}{T\351cnica de recolecci\363n de datos}{table.caption.16}% 48
\BOOKMARK [3][-]{section*.17}{Instrumento de recolecci\363n de datos}{table.caption.16}% 49
\BOOKMARK [2][-]{table.caption.18}{Tratamiento estad\355stico de los datos}{table.caption.12}% 50
\BOOKMARK [3][-]{section*.19}{La estad\355stica descriptiva}{table.caption.18}% 51
\BOOKMARK [3][-]{Item.65}{La estad\355stica inferencial}{table.caption.18}% 52
\BOOKMARK [3][-]{Item.65}{Validaci\363n de instrumentos}{table.caption.18}% 53
\BOOKMARK [3][-]{Item.65}{Cofiabilidad de instrumentos}{table.caption.18}% 54
\BOOKMARK [1][-]{table.caption.20}{ASPECTO ADMINISTRATIVO}{}% 55
\BOOKMARK [2][-]{section*.21}{Recursos}{table.caption.20}% 56
\BOOKMARK [3][-]{section*.21}{Recursos humanos}{table.caption.20}% 57
\BOOKMARK [3][-]{Item.70}{Recursos materiales}{table.caption.20}% 58
\BOOKMARK [3][-]{Item.73}{Recursos financieros}{table.caption.20}% 59
\BOOKMARK [2][-]{Item.75}{Presupuesto}{table.caption.20}% 60
\BOOKMARK [2][-]{table.caption.22}{Cronograma de actividades}{table.caption.20}% 61
\BOOKMARK [1][-]{table.caption.23}{REFERENCIAS}{}% 62
\BOOKMARK [1][-]{section*.24}{Referencias}{}% 63
\BOOKMARK [1][-]{section*.25}{ACR\323NIMOS}{}% 64
\BOOKMARK [1][-]{section*.26}{S\315MBOLOS}{}% 65
\BOOKMARK [1][-]{section*.26}{AP\311NDICES}{}% 66
\BOOKMARK [2][-]{section*.27}{Ficha t\351cnica de la investigaci\363n }{section*.26}% 67
\BOOKMARK [2][-]{Item.115}{Matriz de consistencia}{section*.26}% 68
\BOOKMARK [2][-]{table.caption.28}{Matriz de instrumentos}{section*.26}% 69
\BOOKMARK [2][-]{table.caption.30}{Matriz de instrumentos}{section*.26}% 70
