INFO: latexindent version 3.7.1, 2019-09-07, a script to indent .tex files
      latexindent lives here: /usr/share/texlive/texmf-dist/scripts/latexindent/
      Thu Jul  6 21:21:11 2023
      Filename: project.tex
INFO: Processing switches:
      -w|--overwrite: Overwrite mode active, will make a back up of project.tex first
INFO: Directory for backup files and indent.log: .
INFO: YAML settings read: defaultSettings.yaml
      Reading defaultSettings.yaml from /usr/share/texlive/texmf-dist/scripts/latexindent/defaultSettings.yaml
INFO: YAML settings read: indentconfig.yaml or .indentconfig.yaml
      Home directory is /home/linux (didn't find either indentconfig.yaml or .indentconfig.yaml)
      To specify user settings you would put indentconfig.yaml here: /home/linux/indentconfig.yaml
      Alternatively, you can use the hidden file .indentconfig.yaml as: /home/linux/.indentconfig.yaml
INFO: Backup procedure (-w flag active):
      ./project.bak0 already exists, incrementing by 1... (see maxNumberOfBackUps and onlyOneBackUp)
      ./project.bak1 already exists, incrementing by 1... (see maxNumberOfBackUps and onlyOneBackUp)
      ./project.bak2 already exists, incrementing by 1... (see maxNumberOfBackUps and onlyOneBackUp)
      copying project.tex to ./project.bak3
      Backup file: ./project.bak3
      project.tex will be overwritten after indentation
INFO: Phase 1: searching for objects
INFO: Phase 2: finding surrounding indentation
INFO: Phase 3: indenting objects
INFO: Phase 4: final indentation check
INFO: Output routine:
      Overwriting file project.tex
      --------------
INFO: Please direct all communication/issues to:
      https://github.com/cmhughes/latexindent.pl
